16:21:29:304  INFO 42608 --- [main] com.hmall.user.UserApplication           : Starting UserApplication using Java 17.0.10 on LAPTOP-P77AQPFK with PID 42608 (D:\JavaProjects\hmall\user-service\target\classes started by jiangjulai in D:\JavaProjects\hmall)
16:21:29:307 DEBUG 42608 --- [main] com.hmall.user.UserApplication           : Running with Spring Boot v2.7.12, Spring v5.3.27
16:21:29:307  INFO 42608 --- [main] com.hmall.user.UserApplication           : The following 1 profile is active: "local"
16:21:30:079  INFO 42608 --- [main] .s.d.r.c.RepositoryConfigurationDelegate : Multiple Spring Data modules found, entering strict repository configuration mode
16:21:30:081  INFO 42608 --- [main] .s.d.r.c.RepositoryConfigurationDelegate : Bootstrapping Spring Data Redis repositories in DEFAULT mode.
16:21:30:096  INFO 42608 --- [main] .s.d.r.c.RepositoryConfigurationDelegate : Finished Spring Data repository scanning in 5 ms. Found 0 Redis repository interfaces.
16:21:30:248  INFO 42608 --- [main] o.s.cloud.context.scope.GenericScope     : BeanFactory id=72767d63-521b-3b08-b10f-34e4eb2e8bed
16:21:30:538  INFO 42608 --- [main] o.s.b.w.embedded.tomcat.TomcatWebServer  : Tomcat initialized with port(s): 8083 (http)
16:21:30:544  INFO 42608 --- [main] o.apache.catalina.core.StandardService   : Starting service [Tomcat]
16:21:30:544  INFO 42608 --- [main] org.apache.catalina.core.StandardEngine  : Starting Servlet engine: [Apache Tomcat/9.0.75]
16:21:30:621  INFO 42608 --- [main] o.a.c.c.C.[Tomcat].[localhost].[/]       : Initializing Spring embedded WebApplicationContext
16:21:30:622  INFO 42608 --- [main] w.s.c.ServletWebServerApplicationContext : Root WebApplicationContext: initialization completed in 1278 ms
16:21:31:678  INFO 42608 --- [main] pertySourcedRequestMappingHandlerMapping : Mapped URL path [/v2/api-docs] onto method [springfox.documentation.swagger2.web.Swagger2ControllerWebMvc#getDocumentation(String, HttpServletRequest)]
16:21:32:273  INFO 42608 --- [main] com.alibaba.nacos.common.remote.client   : [RpcClientFactory] create a new rpc client of b9b8ccf9-2f50-4cfa-b06a-f87fab511e7b
16:21:32:318  INFO 42608 --- [main] org.reflections.Reflections              : Reflections took 18 ms to scan 1 urls, producing 3 keys and 6 values 
16:21:32:338  INFO 42608 --- [main] org.reflections.Reflections              : Reflections took 8 ms to scan 1 urls, producing 4 keys and 9 values 
16:21:32:345  INFO 42608 --- [main] org.reflections.Reflections              : Reflections took 5 ms to scan 1 urls, producing 3 keys and 10 values 
16:21:32:346  WARN 42608 --- [main] org.reflections.Reflections              : given scan urls are empty. set urls in the configuration
16:21:32:352  INFO 42608 --- [main] org.reflections.Reflections              : Reflections took 5 ms to scan 1 urls, producing 1 keys and 5 values 
16:21:32:357  INFO 42608 --- [main] org.reflections.Reflections              : Reflections took 4 ms to scan 1 urls, producing 1 keys and 7 values 
16:21:32:363  INFO 42608 --- [main] org.reflections.Reflections              : Reflections took 4 ms to scan 1 urls, producing 2 keys and 8 values 
16:21:32:364  WARN 42608 --- [main] org.reflections.Reflections              : given scan urls are empty. set urls in the configuration
16:21:32:364  INFO 42608 --- [main] com.alibaba.nacos.common.remote.client   : [b9b8ccf9-2f50-4cfa-b06a-f87fab511e7b] RpcClient init label, labels = {module=naming, source=sdk}
16:21:32:365  INFO 42608 --- [main] com.alibaba.nacos.common.remote.client   : [b9b8ccf9-2f50-4cfa-b06a-f87fab511e7b] RpcClient init, ServerListFactory = com.alibaba.nacos.client.naming.core.ServerListManager
16:21:32:365  INFO 42608 --- [main] com.alibaba.nacos.common.remote.client   : [b9b8ccf9-2f50-4cfa-b06a-f87fab511e7b] Registry connection listener to current client:com.alibaba.nacos.client.naming.remote.gprc.redo.NamingGrpcRedoService
16:21:32:365  INFO 42608 --- [main] com.alibaba.nacos.common.remote.client   : [b9b8ccf9-2f50-4cfa-b06a-f87fab511e7b] Register server push request handler:com.alibaba.nacos.client.naming.remote.gprc.NamingPushRequestHandler
16:21:32:366  INFO 42608 --- [main] com.alibaba.nacos.common.remote.client   : [b9b8ccf9-2f50-4cfa-b06a-f87fab511e7b] Try to connect to server on start up, server: {serverIp = '192.168.112.134', server main port = 8848}
16:21:33:139  INFO 42608 --- [main] com.alibaba.nacos.common.remote.client   : [b9b8ccf9-2f50-4cfa-b06a-f87fab511e7b] Success to connect to server [192.168.112.134:8848] on start up, connectionId = 1731399692778_192.168.112.1_63283
16:21:33:141  INFO 42608 --- [com.alibaba.nacos.client.remote.worker] com.alibaba.nacos.common.remote.client   : [b9b8ccf9-2f50-4cfa-b06a-f87fab511e7b] Notify connected event to listeners.
16:21:33:141  INFO 42608 --- [main] com.alibaba.nacos.common.remote.client   : [b9b8ccf9-2f50-4cfa-b06a-f87fab511e7b] Register server push request handler:com.alibaba.nacos.common.remote.client.RpcClient$ConnectResetRequestHandler
16:21:33:142  INFO 42608 --- [main] com.alibaba.nacos.common.remote.client   : [b9b8ccf9-2f50-4cfa-b06a-f87fab511e7b] Register server push request handler:com.alibaba.nacos.common.remote.client.RpcClient$$Lambda$1176/0x0000024b98900a98
16:21:33:189  INFO 42608 --- [main] o.s.b.w.embedded.tomcat.TomcatWebServer  : Tomcat started on port(s): 8083 (http) with context path ''
16:21:33:199  INFO 42608 --- [main] c.a.c.n.registry.NacosServiceRegistry    : nacos registry, DEFAULT_GROUP user-service 10.20.171.63:8083 register finished
16:21:33:353  INFO 42608 --- [main] d.s.w.p.DocumentationPluginsBootstrapper : Documentation plugins bootstrapped
16:21:33:355  INFO 42608 --- [main] d.s.w.p.DocumentationPluginsBootstrapper : Found 1 custom documentation plugin(s)
16:21:33:368  INFO 42608 --- [main] s.d.s.w.s.ApiListingReferenceScanner     : Scanning for api listing references
16:21:33:429  INFO 42608 --- [main] com.hmall.user.UserApplication           : Started UserApplication in 4.665 seconds (JVM running for 5.091)
16:21:33:730  INFO 42608 --- [nacos-grpc-client-executor-8] com.alibaba.nacos.common.remote.client   : [b9b8ccf9-2f50-4cfa-b06a-f87fab511e7b] Receive server push request, request = NotifySubscriberRequest, requestId = 127
16:21:33:742  INFO 42608 --- [nacos-grpc-client-executor-8] com.alibaba.nacos.common.remote.client   : [b9b8ccf9-2f50-4cfa-b06a-f87fab511e7b] Ack server push request, request = NotifySubscriberRequest, requestId = 127
16:33:19:313  INFO 42608 --- [http-nio-8083-exec-1] o.a.c.c.C.[Tomcat].[localhost].[/]       : Initializing Spring DispatcherServlet 'dispatcherServlet'
16:33:19:313  INFO 42608 --- [http-nio-8083-exec-1] o.s.web.servlet.DispatcherServlet        : Initializing Servlet 'dispatcherServlet'
16:33:19:341  INFO 42608 --- [http-nio-8083-exec-1] o.s.web.servlet.DispatcherServlet        : Completed initialization in 28 ms
16:33:19:724  INFO 42608 --- [http-nio-8083-exec-1] com.zaxxer.hikari.HikariDataSource       : HikariPool-1 - Starting...
16:33:45:111  INFO 42608 --- [http-nio-8083-exec-1] com.zaxxer.hikari.HikariDataSource       : HikariPool-1 - Start completed.
16:33:45:118 DEBUG 42608 --- [http-nio-8083-exec-1] c.h.user.mapper.UserMapper.selectOne     : ==>  Preparing: SELECT id,username,password,phone,create_time,update_time,status,balance FROM user WHERE (username = ?)
16:33:45:141 DEBUG 42608 --- [http-nio-8083-exec-1] c.h.user.mapper.UserMapper.selectOne     : ==> Parameters: jack(String)
16:33:45:413 DEBUG 42608 --- [http-nio-8083-exec-1] c.h.user.mapper.UserMapper.selectOne     : <==      Total: 1
16:33:45:416 DEBUG 42608 --- [http-nio-8083-exec-2] c.h.user.mapper.UserMapper.selectOne     : ==>  Preparing: SELECT id,username,password,phone,create_time,update_time,status,balance FROM user WHERE (username = ?)
16:33:45:416 DEBUG 42608 --- [http-nio-8083-exec-2] c.h.user.mapper.UserMapper.selectOne     : ==> Parameters: jack(String)
16:33:45:418 DEBUG 42608 --- [http-nio-8083-exec-2] c.h.user.mapper.UserMapper.selectOne     : <==      Total: 1
16:33:45:419 DEBUG 42608 --- [http-nio-8083-exec-3] c.h.user.mapper.UserMapper.selectOne     : ==>  Preparing: SELECT id,username,password,phone,create_time,update_time,status,balance FROM user WHERE (username = ?)
16:33:45:419 DEBUG 42608 --- [http-nio-8083-exec-3] c.h.user.mapper.UserMapper.selectOne     : ==> Parameters: jack(String)
16:33:45:420 DEBUG 42608 --- [http-nio-8083-exec-3] c.h.user.mapper.UserMapper.selectOne     : <==      Total: 1
16:33:48:024 DEBUG 42608 --- [http-nio-8083-exec-10] c.h.user.mapper.UserMapper.selectOne     : ==>  Preparing: SELECT id,username,password,phone,create_time,update_time,status,balance FROM user WHERE (username = ?)
16:33:48:024 DEBUG 42608 --- [http-nio-8083-exec-10] c.h.user.mapper.UserMapper.selectOne     : ==> Parameters: jack(String)
16:33:48:026 DEBUG 42608 --- [http-nio-8083-exec-10] c.h.user.mapper.UserMapper.selectOne     : <==      Total: 1
16:34:02:475 DEBUG 42608 --- [http-nio-8083-exec-5] c.h.u.mapper.AddressMapper.selectList    : ==>  Preparing: SELECT id,user_id,province,city,town,mobile,street,contact,is_default,notes FROM address WHERE (user_id = ?)
16:34:02:476 DEBUG 42608 --- [http-nio-8083-exec-5] c.h.u.mapper.AddressMapper.selectList    : ==> Parameters: 1(Long)
16:34:02:502 DEBUG 42608 --- [http-nio-8083-exec-5] c.h.u.mapper.AddressMapper.selectList    : <==      Total: 4
16:44:54:410 DEBUG 42608 --- [http-nio-8083-exec-7] c.h.u.mapper.AddressMapper.selectList    : ==>  Preparing: SELECT id,user_id,province,city,town,mobile,street,contact,is_default,notes FROM address WHERE (user_id = ?)
16:44:54:411 DEBUG 42608 --- [http-nio-8083-exec-7] c.h.u.mapper.AddressMapper.selectList    : ==> Parameters: 1(Long)
16:44:54:415 DEBUG 42608 --- [http-nio-8083-exec-7] c.h.u.mapper.AddressMapper.selectList    : <==      Total: 4
16:58:52:543 DEBUG 42608 --- [http-nio-8083-exec-9] c.h.u.mapper.AddressMapper.selectList    : ==>  Preparing: SELECT id,user_id,province,city,town,mobile,street,contact,is_default,notes FROM address WHERE (user_id = ?)
16:58:52:543 DEBUG 42608 --- [http-nio-8083-exec-9] c.h.u.mapper.AddressMapper.selectList    : ==> Parameters: 1(Long)
16:58:52:547 DEBUG 42608 --- [http-nio-8083-exec-9] c.h.u.mapper.AddressMapper.selectList    : <==      Total: 4
17:05:05:591  WARN 42608 --- [Thread-4] c.a.nacos.common.notify.NotifyCenter     : [NotifyCenter] Start destroying Publisher
17:05:05:591  WARN 42608 --- [Thread-7] c.a.n.common.http.HttpClientBeanHolder   : [HttpClientBeanHolder] Start destroying common HttpClient
17:05:05:591  WARN 42608 --- [Thread-4] c.a.nacos.common.notify.NotifyCenter     : [NotifyCenter] Destruction of the end
17:05:05:592  WARN 42608 --- [Thread-7] c.a.n.common.http.HttpClientBeanHolder   : [HttpClientBeanHolder] Destruction of the end
17:05:05:694  INFO 42608 --- [SpringApplicationShutdownHook] c.a.c.n.registry.NacosServiceRegistry    : De-registering from Nacos Server now...
17:05:05:698  INFO 42608 --- [SpringApplicationShutdownHook] c.a.c.n.registry.NacosServiceRegistry    : De-registration finished.
17:05:06:027  INFO 42608 --- [SpringApplicationShutdownHook] com.alibaba.nacos.common.remote.client   : Shutdown rpc client, set status to shutdown
17:05:06:028  INFO 42608 --- [SpringApplicationShutdownHook] com.alibaba.nacos.common.remote.client   : Shutdown client event executor java.util.concurrent.ScheduledThreadPoolExecutor@74e86e[Running, pool size = 2, active threads = 2, queued tasks = 0, completed tasks = 0]
17:05:06:028  INFO 42608 --- [SpringApplicationShutdownHook] com.alibaba.nacos.common.remote.client   : Close current connection 1731399692778_192.168.112.1_63283
17:05:06:035  INFO 42608 --- [nacos-grpc-client-executor-582] c.a.n.c.remote.client.grpc.GrpcClient    : [1731399692778_192.168.112.1_63283]Ignore complete event,isRunning:false,isAbandon=false
17:05:06:041  INFO 42608 --- [SpringApplicationShutdownHook] c.a.n.c.remote.client.grpc.GrpcClient    : Shutdown grpc executor java.util.concurrent.ThreadPoolExecutor@59a3ecb1[Running, pool size = 5, active threads = 0, queued tasks = 0, completed tasks = 583]
17:05:06:052  INFO 42608 --- [SpringApplicationShutdownHook] com.zaxxer.hikari.HikariDataSource       : HikariPool-1 - Shutdown initiated...
17:05:07:101  INFO 42608 --- [SpringApplicationShutdownHook] com.zaxxer.hikari.HikariDataSource       : HikariPool-1 - Shutdown completed.
